<?xml version="1.0" encoding="UTF-8"?>
<testsuite xmlns:xsi="http://www.w3.org/2001/XMLSchema-instance" xsi:noNamespaceSchemaLocation="https://maven.apache.org/surefire/maven-surefire-plugin/xsd/surefire-test-report-3.0.xsd" version="3.0" name="TestRunners.TestRunner_Smvapage" time="22.538" tests="7" errors="0" skipped="0" failures="0">
  <properties>
[...]
</properties>
  <testcase name="Given Open required browser" classname="Scenario: test login with valid credentials" time="0.005"/>
  <testcase name="And Start application with valid URL" classname="Scenario: test login with valid credentials" time="0"/>
  <testcase name="And click signin button" classname="Scenario: test login with valid credentials" time="0"/>
  <testcase name="When I enter valid username and password" classname="Scenario: test login with valid credentials" time="0"/>
  <testcase name="And click on submit button" classname="Scenario: test login with valid credentials" time="0"/>
  <testcase name="Then user should able to login sucessfully" classname="Scenario: test login with valid credentials" time="0"/>
  <testcase name="Scenario: test login with valid credentials" classname="Scenario: test login with valid credentials" time="0"/>
</testsuite>